Game Settings

Player 1 Settings:
	player_goals: Sell resources for <ZUP>. It costed X: 40 ZUP to produce the resources
	player_initial_resources: X: 1
	player_social_behaviour: You are a corporation, who wants to sell a product to an individual.
	player_roles: You are Player RED.
	player_valuation: X: 40 ZUP

Player 2 Settings:
	player_goals: Buy resources with <ZUP>. You are willing to pay at most X: 60 ZUP for the resources.
	player_initial_resources: ZUP: 1000
	player_social_behaviour: You are an individual, and wants to buy a product from a corporation.
	player_roles: You are Player BLUE.
	player_valuation: X: 60 ZUP

------------------ 
Current Iteration: 1
Turn: 0
message: We have a high-quality product that we believe is worth your investment. Considering the production costs and the value it offers, we propose a fair starting price. Of course, we're open to discussing the terms to reach an agreement that benefits us both.
player answer: PROPOSAL
newly proposed trade: Player RED Gives X: 1 | Player BLUE Gives ZUP: 50
my resources: X: 1
my goals: Sell resources for ZUP. It costed X: 40 ZUP to produce the resources
reason: As a corporation, I want to recoup the production costs and make a profit. I will start with a higher asking price to open negotiations and provide room for bargaining.
proposal count: 1

Current Iteration: 2
Turn: 1
message: I appreciate the quality of your product and understand the costs involved in its production. I'd like to propose a starting offer of 50 ZUP for 1 unit of the resource. This is an opening bid and I'm open to further negotiations to reach a mutually agreeable price.
player answer: PROPOSAL
newly proposed trade: Player RED Gives X: 1 | Player BLUE Gives ZUP: 50
my resources: ZUP: 1000
my goals: Buy resources with ZUP. You are willing to pay at most X: 60 ZUP for the resources.
reason: I am proposing a trade of 50 ZUP for the resource to open negotiations. This is below my maximum willingness to pay, leaving room for negotiation and adjustment based on the seller's response.
proposal count: 1

Current Iteration: 3
Turn: 0
message: Thank you for recognizing the value of our product. We accept your offer of 50 ZUP for 1 unit of the resource. We believe this is a fair price, and we are pleased to proceed with this transaction.
player answer: ACCEPT
newly proposed trade: NONE
my resources: X: 1
my goals: Sell resources for ZUP. It costed X: 40 ZUP to produce the resources
reason: The buyer has matched my initial asking price, which covers my production costs and provides a profit. It seems we both value the product similarly. I will accept the offer to ensure a swift and satisfactory transaction for both parties.
proposal count: 1

------------------ 
Current Iteration: END
Turn: None
player_goals: [Sell resources for <ZUP>. It costed X: 40 ZUP to produce the resources, Buy resources with <ZUP>. You are willing to pay at most X: 60 ZUP for the resources.]
player_initial_resources: [Resources(resource_dict={'X': 1}), Resources(resource_dict={'ZUP': 1000})]
proposed_trade: Player RED Gives X: 1 | Player BLUE Gives ZUP: 50
player_valuation: [{'X': 40}, {'X': 60}]
final_response: ACCEPT
final_resources: [Resources(resource_dict={'X': 0, 'ZUP': 50}), Resources(resource_dict={'ZUP': 950, 'X': 1})]
player_outcome: [10, 10]