Game Settings

Player 1 Settings:
	player_goals: Sell resources for <ZUP>. It costed X: 40 ZUP to produce the resources
	player_initial_resources: X: 1
	player_social_behaviour: You are an individual, and wants to sell a product to a corporation.
	player_roles: You are Player RED.
	player_valuation: X: 40 ZUP

Player 2 Settings:
	player_goals: Buy resources with <ZUP>. You are willing to pay at most X: 60 ZUP for the resources.
	player_initial_resources: ZUP: 1000
	player_social_behaviour: You are a corporation, and wants to buy a product from an individual.
	player_roles: You are Player BLUE.
	player_valuation: X: 60 ZUP

------------------ 
Current Iteration: 1
Turn: 0
message: Hello Player BLUE, I have an object X that I am looking to sell. It cost me 40 ZUP to produce. I'd like to propose a trade where I give you 1 unit of X in exchange for 50 ZUP. Looking forward to hearing your counteroffer.
player answer: PROPOSAL
newly proposed trade: Player RED Gives X: 1 | Player BLUE Gives ZUP: 50
my resources: X: 1
my goals: Sell resources for ZUP. It costed X: 40 ZUP to produce the resources
reason: I'm proposing an initial trade that allows me to recoup my production costs plus a margin for profit. This initial proposal is a starting point for negotiation.
proposal count: 1

------------------ 
