Game Settings

Player 1 Settings:
	player_goals: Sell resources for <ZUP>. It costed X: 40 ZUP to produce the resources
	player_initial_resources: X: 1
	player_social_behaviour: You are a corporation, who wants to sell a product to an individual.
	player_roles: You are Player RED.
	player_valuation: X: 40 ZUP

Player 2 Settings:
	player_goals: Buy resources with <ZUP>. You are willing to pay at most X: 60 ZUP for the resources.
	player_initial_resources: ZUP: 1000
	player_social_behaviour: You are an individual, and wants to buy a product from a corporation.
	player_roles: You are Player BLUE.
	player_valuation: X: 60 ZUP

------------------ 
Current Iteration: 1
Turn: 0
message: We believe our product offers exceptional value and quality. We've proposed a reasonable price considering the costs and the market rates. We are open to discussing this further to reach a mutually beneficial agreement.
player answer: PROPOSAL
newly proposed trade: Player RED Gives X: 1 | Player BLUE Gives ZUP: 50
my resources: X: 1
my goals: Sell resources for ZUP. It costed X: 40 ZUP to produce the resources
reason: As a corporation, my goal is to sell my product at a profit to ensure sustainability and shareholder satisfaction. Considering production costs, I would like to propose a price that includes a reasonable markup. I'll start the bidding slightly higher to leave room for negotiation.
proposal count: 1

Current Iteration: 2
Turn: 1
message: I appreciate the quality of your product and understand the value it provides. However, based on my current budget and valuation, I am comfortable proposing 40 ZUP for the resources. Let's work together to find a trade that meets both of our needs.
player answer: PROPOSAL
newly proposed trade: Player RED Gives X: 1 | Player BLUE Gives ZUP: 40
my resources: ZUP: 1000
my goals: Buy resources with ZUP. You are willing to pay at most X: 60 ZUP for the resources.
reason: I am making an initial trade proposal that is below my maximum willingness to pay, leaving room for negotiation and to see how the corporation values the product.
proposal count: 1

Current Iteration: 3
Turn: 0
message: We appreciate your budget considerations and want to find a trade that works for both of us. To that end, we've adjusted our price to meet you halfway, considering the costs and the value of the product. We believe that 45 ZUP is a fair compromise that reflects the quality of the product while acknowledging your budgetary constraints.
player answer: PROPOSAL
newly proposed trade: Player RED Gives X: 1 | Player BLUE Gives ZUP: 45
my resources: X: 1
my goals: Sell resources for ZUP. It costed X: 40 ZUP to produce the resources
reason: The counteroffer matches the production cost of the resource, but as a corporation, we aim to sell at a profit. I will propose a slightly lower price than the initial offer, but still above the production cost to ensure profitability. This compromise shows willingness to negotiate and meet the buyer halfway.
proposal count: 2

Current Iteration: 4
Turn: 1
message: Thank you for the consideration and the willingness to meet me halfway. I accept the offer of 45 ZUP for the resources. I believe this is a fair compromise, and I am looking forward to finalizing this deal.
player answer: ACCEPT
newly proposed trade: NONE
my resources: ZUP: 1000
my goals: Buy resources with ZUP. You are willing to pay at most X: 60 ZUP for the resources.
reason: The corporation has made a counteroffer that is closer to my maximum willingness to pay. Since the offer is within my acceptable range and the corporation has shown flexibility, I will accept this proposal. This will conclude the trade satisfactorily for both parties without further negotiation.
proposal count: 2

------------------ 
Current Iteration: END
Turn: None
player_goals: [Sell resources for <ZUP>. It costed X: 40 ZUP to produce the resources, Buy resources with <ZUP>. You are willing to pay at most X: 60 ZUP for the resources.]
player_initial_resources: [Resources(resource_dict={'X': 1}), Resources(resource_dict={'ZUP': 1000})]
proposed_trade: Player RED Gives X: 1 | Player BLUE Gives ZUP: 45
player_valuation: [{'X': 40}, {'X': 60}]
final_response: ACCEPT
final_resources: [Resources(resource_dict={'X': 0, 'ZUP': 45}), Resources(resource_dict={'ZUP': 955, 'X': 1})]
player_outcome: [5, 15]